<?xml version="1.0" encoding="UTF-8"?>
<testsuite xmlns:xsi="http://www.w3.org/2001/XMLSchema-instance" xsi:noNamespaceSchemaLocation="https://maven.apache.org/surefire/maven-surefire-plugin/xsd/surefire-test-report.xsd" name="com.gngsn.apressbatch.ApressBatchApplicationTests" time="3.334" tests="1" errors="0" skipped="0" failures="0">
  <properties>
    <property name="awt.toolkit" value="sun.lwawt.macosx.LWCToolkit"/>
    <property name="java.specification.version" value="12"/>
    <property name="sun.jnu.encoding" value="UTF-8"/>
    <property name="java.class.path" value="/Users/gyeongseon/Git/apress-batch/target/test-classes:/Users/gyeongseon/Git/apress-batch/target/classes:/Users/gyeongseon/.m2/repository/org/springframework/boot/spring-boot-starter-batch/2.7.0/spring-boot-starter-batch-2.7.0.jar:/Users/gyeongseon/.m2/repository/org/springframework/boot/spring-boot-starter/2.7.0/spring-boot-starter-2.7.0.jar:/Users/gyeongseon/.m2/repository/org/springframework/boot/spring-boot/2.7.0/spring-boot-2.7.0.jar:/Users/gyeongseon/.m2/repository/org/springframework/boot/spring-boot-autoconfigure/2.7.0/spring-boot-autoconfigure-2.7.0.jar:/Users/gyeongseon/.m2/repository/org/springframework/boot/spring-boot-starter-logging/2.7.0/spring-boot-starter-logging-2.7.0.jar:/Users/gyeongseon/.m2/repository/org/apache/logging/log4j/log4j-to-slf4j/2.17.2/log4j-to-slf4j-2.17.2.jar:/Users/gyeongseon/.m2/repository/org/apache/logging/log4j/log4j-api/2.17.2/log4j-api-2.17.2.jar:/Users/gyeongseon/.m2/repository/org/slf4j/jul-to-slf4j/1.7.36/jul-to-slf4j-1.7.36.jar:/Users/gyeongseon/.m2/repository/jakarta/annotation/jakarta.annotation-api/1.3.5/jakarta.annotation-api-1.3.5.jar:/Users/gyeongseon/.m2/repository/org/yaml/snakeyaml/1.30/snakeyaml-1.30.jar:/Users/gyeongseon/.m2/repository/org/springframework/batch/spring-batch-core/4.3.6/spring-batch-core-4.3.6.jar:/Users/gyeongseon/.m2/repository/com/fasterxml/jackson/core/jackson-databind/2.13.3/jackson-databind-2.13.3.jar:/Users/gyeongseon/.m2/repository/com/fasterxml/jackson/core/jackson-annotations/2.13.3/jackson-annotations-2.13.3.jar:/Users/gyeongseon/.m2/repository/com/fasterxml/jackson/core/jackson-core/2.13.3/jackson-core-2.13.3.jar:/Users/gyeongseon/.m2/repository/io/micrometer/micrometer-core/1.9.0/micrometer-core-1.9.0.jar:/Users/gyeongseon/.m2/repository/org/hdrhistogram/HdrHistogram/2.1.12/HdrHistogram-2.1.12.jar:/Users/gyeongseon/.m2/repository/org/latencyutils/LatencyUtils/2.0.3/LatencyUtils-2.0.3.jar:/Users/gyeongseon/.m2/repository/javax/batch/javax.batch-api/1.0/javax.batch-api-1.0.jar:/Users/gyeongseon/.m2/repository/org/codehaus/jettison/jettison/1.2/jettison-1.2.jar:/Users/gyeongseon/.m2/repository/org/springframework/batch/spring-batch-infrastructure/4.3.6/spring-batch-infrastructure-4.3.6.jar:/Users/gyeongseon/.m2/repository/org/springframework/retry/spring-retry/1.3.3/spring-retry-1.3.3.jar:/Users/gyeongseon/.m2/repository/org/springframework/spring-aop/5.3.20/spring-aop-5.3.20.jar:/Users/gyeongseon/.m2/repository/org/springframework/spring-context/5.3.20/spring-context-5.3.20.jar:/Users/gyeongseon/.m2/repository/org/springframework/spring-expression/5.3.20/spring-expression-5.3.20.jar:/Users/gyeongseon/.m2/repository/org/springframework/spring-tx/5.3.20/spring-tx-5.3.20.jar:/Users/gyeongseon/.m2/repository/org/springframework/boot/spring-boot-starter-jdbc/2.7.0/spring-boot-starter-jdbc-2.7.0.jar:/Users/gyeongseon/.m2/repository/com/zaxxer/HikariCP/4.0.3/HikariCP-4.0.3.jar:/Users/gyeongseon/.m2/repository/org/springframework/spring-jdbc/5.3.20/spring-jdbc-5.3.20.jar:/Users/gyeongseon/.m2/repository/org/hsqldb/hsqldb/2.6.1/hsqldb-2.6.1.jar:/Users/gyeongseon/.m2/repository/org/springframework/boot/spring-boot-starter-test/2.7.0/spring-boot-starter-test-2.7.0.jar:/Users/gyeongseon/.m2/repository/org/springframework/boot/spring-boot-test/2.7.0/spring-boot-test-2.7.0.jar:/Users/gyeongseon/.m2/repository/org/springframework/boot/spring-boot-test-autoconfigure/2.7.0/spring-boot-test-autoconfigure-2.7.0.jar:/Users/gyeongseon/.m2/repository/com/jayway/jsonpath/json-path/2.7.0/json-path-2.7.0.jar:/Users/gyeongseon/.m2/repository/net/minidev/json-smart/2.4.8/json-smart-2.4.8.jar:/Users/gyeongseon/.m2/repository/net/minidev/accessors-smart/2.4.8/accessors-smart-2.4.8.jar:/Users/gyeongseon/.m2/repository/org/ow2/asm/asm/9.1/asm-9.1.jar:/Users/gyeongseon/.m2/repository/jakarta/xml/bind/jakarta.xml.bind-api/2.3.3/jakarta.xml.bind-api-2.3.3.jar:/Users/gyeongseon/.m2/repository/jakarta/activation/jakarta.activation-api/1.2.2/jakarta.activation-api-1.2.2.jar:/Users/gyeongseon/.m2/repository/org/assertj/assertj-core/3.22.0/assertj-core-3.22.0.jar:/Users/gyeongseon/.m2/repository/org/hamcrest/hamcrest/2.2/hamcrest-2.2.jar:/Users/gyeongseon/.m2/repository/org/junit/jupiter/junit-jupiter/5.8.2/junit-jupiter-5.8.2.jar:/Users/gyeongseon/.m2/repository/org/junit/jupiter/junit-jupiter-api/5.8.2/junit-jupiter-api-5.8.2.jar:/Users/gyeongseon/.m2/repository/org/opentest4j/opentest4j/1.2.0/opentest4j-1.2.0.jar:/Users/gyeongseon/.m2/repository/org/junit/platform/junit-platform-commons/1.8.2/junit-platform-commons-1.8.2.jar:/Users/gyeongseon/.m2/repository/org/apiguardian/apiguardian-api/1.1.2/apiguardian-api-1.1.2.jar:/Users/gyeongseon/.m2/repository/org/junit/jupiter/junit-jupiter-params/5.8.2/junit-jupiter-params-5.8.2.jar:/Users/gyeongseon/.m2/repository/org/junit/jupiter/junit-jupiter-engine/5.8.2/junit-jupiter-engine-5.8.2.jar:/Users/gyeongseon/.m2/repository/org/junit/platform/junit-platform-engine/1.8.2/junit-platform-engine-1.8.2.jar:/Users/gyeongseon/.m2/repository/org/mockito/mockito-core/4.5.1/mockito-core-4.5.1.jar:/Users/gyeongseon/.m2/repository/net/bytebuddy/byte-buddy/1.12.10/byte-buddy-1.12.10.jar:/Users/gyeongseon/.m2/repository/net/bytebuddy/byte-buddy-agent/1.12.10/byte-buddy-agent-1.12.10.jar:/Users/gyeongseon/.m2/repository/org/objenesis/objenesis/3.2/objenesis-3.2.jar:/Users/gyeongseon/.m2/repository/org/mockito/mockito-junit-jupiter/4.5.1/mockito-junit-jupiter-4.5.1.jar:/Users/gyeongseon/.m2/repository/org/skyscreamer/jsonassert/1.5.0/jsonassert-1.5.0.jar:/Users/gyeongseon/.m2/repository/com/vaadin/external/google/android-json/0.0.20131108.vaadin1/android-json-0.0.20131108.vaadin1.jar:/Users/gyeongseon/.m2/repository/org/springframework/spring-core/5.3.20/spring-core-5.3.20.jar:/Users/gyeongseon/.m2/repository/org/springframework/spring-jcl/5.3.20/spring-jcl-5.3.20.jar:/Users/gyeongseon/.m2/repository/org/springframework/spring-test/5.3.20/spring-test-5.3.20.jar:/Users/gyeongseon/.m2/repository/org/xmlunit/xmlunit-core/2.9.0/xmlunit-core-2.9.0.jar:/Users/gyeongseon/.m2/repository/org/springframework/batch/spring-batch-test/4.3.6/spring-batch-test-4.3.6.jar:/Users/gyeongseon/.m2/repository/junit/junit/4.13.2/junit-4.13.2.jar:/Users/gyeongseon/.m2/repository/org/hamcrest/hamcrest-core/2.2/hamcrest-core-2.2.jar:/Users/gyeongseon/.m2/repository/org/projectlombok/lombok/1.18.24/lombok-1.18.24.jar:/Users/gyeongseon/.m2/repository/mysql/mysql-connector-java/8.0.29/mysql-connector-java-8.0.29.jar:/Users/gyeongseon/.m2/repository/org/mybatis/mybatis/3.5.10/mybatis-3.5.10.jar:/Users/gyeongseon/.m2/repository/org/mybatis/mybatis-spring/2.0.7/mybatis-spring-2.0.7.jar:/Users/gyeongseon/.m2/repository/org/springframework/spring-oxm/5.3.20/spring-oxm-5.3.20.jar:/Users/gyeongseon/.m2/repository/org/springframework/spring-beans/5.3.20/spring-beans-5.3.20.jar:/Users/gyeongseon/.m2/repository/org/springframework/boot/spring-boot-configuration-processor/2.7.0/spring-boot-configuration-processor-2.7.0.jar:/Users/gyeongseon/.m2/repository/org/bgee/log4jdbc-log4j2/log4jdbc-log4j2-jdbc4/1.16/log4jdbc-log4j2-jdbc4-1.16.jar:/Users/gyeongseon/.m2/repository/ch/qos/logback/logback-classic/1.2.11/logback-classic-1.2.11.jar:/Users/gyeongseon/.m2/repository/ch/qos/logback/logback-core/1.2.11/logback-core-1.2.11.jar:/Users/gyeongseon/.m2/repository/org/slf4j/slf4j-api/1.7.36/slf4j-api-1.7.36.jar:/Users/gyeongseon/.m2/repository/javax/xml/bind/jaxb-api/2.3.1/jaxb-api-2.3.1.jar:/Users/gyeongseon/.m2/repository/javax/activation/javax.activation-api/1.2.0/javax.activation-api-1.2.0.jar:/Users/gyeongseon/.m2/repository/org/glassfish/jaxb/jaxb-runtime/2.3.6/jaxb-runtime-2.3.6.jar:/Users/gyeongseon/.m2/repository/org/glassfish/jaxb/txw2/2.3.6/txw2-2.3.6.jar:/Users/gyeongseon/.m2/repository/com/sun/istack/istack-commons-runtime/3.0.12/istack-commons-runtime-3.0.12.jar:/Users/gyeongseon/.m2/repository/com/sun/activation/jakarta.activation/1.2.2/jakarta.activation-1.2.2.jar:/Users/gyeongseon/.m2/repository/cn/lzgabel/jaxb/xml/bind/jaxb-impl/4.0.0/jaxb-impl-4.0.0.jar:/Users/gyeongseon/.m2/repository/cn/lzgabel/jaxb/xml/bind/jaxb-core/4.0.0/jaxb-core-4.0.0.jar:/Users/gyeongseon/.m2/repository/com/thoughtworks/xstream/xstream/1.4.19/xstream-1.4.19.jar:/Users/gyeongseon/.m2/repository/io/github/x-stream/mxparser/1.2.2/mxparser-1.2.2.jar:/Users/gyeongseon/.m2/repository/xmlpull/xmlpull/1.1.3.1/xmlpull-1.1.3.1.jar:"/>
    <property name="java.vm.vendor" value="Oracle Corporation"/>
    <property name="sun.arch.data.model" value="64"/>
    <property name="java.vendor.url" value="https://java.oracle.com/"/>
    <property name="os.name" value="Mac OS X"/>
    <property name="java.vm.specification.version" value="12"/>
    <property name="sun.java.launcher" value="SUN_STANDARD"/>
    <property name="user.country" value="KR"/>
    <property name="sun.boot.library.path" value="/Library/Java/JavaVirtualMachines/jdk-12.0.1.jdk/Contents/Home/lib"/>
    <property name="sun.java.command" value="/Users/gyeongseon/Git/apress-batch/target/surefire/surefirebooter2340453982533896351.jar /Users/gyeongseon/Git/apress-batch/target/surefire 2022-07-03T21-34-40_221-jvmRun1 surefire1855929173063201072tmp surefire_08193480244344096518tmp"/>
    <property name="http.nonProxyHosts" value="local|*.local|169.254/16|*.169.254/16|127.0.0.1:21300|*.127.0.0.1:21300|localhost|*.localhost"/>
    <property name="jdk.debug" value="release"/>
    <property name="surefire.test.class.path" value="/Users/gyeongseon/Git/apress-batch/target/test-classes:/Users/gyeongseon/Git/apress-batch/target/classes:/Users/gyeongseon/.m2/repository/org/springframework/boot/spring-boot-starter-batch/2.7.0/spring-boot-starter-batch-2.7.0.jar:/Users/gyeongseon/.m2/repository/org/springframework/boot/spring-boot-starter/2.7.0/spring-boot-starter-2.7.0.jar:/Users/gyeongseon/.m2/repository/org/springframework/boot/spring-boot/2.7.0/spring-boot-2.7.0.jar:/Users/gyeongseon/.m2/repository/org/springframework/boot/spring-boot-autoconfigure/2.7.0/spring-boot-autoconfigure-2.7.0.jar:/Users/gyeongseon/.m2/repository/org/springframework/boot/spring-boot-starter-logging/2.7.0/spring-boot-starter-logging-2.7.0.jar:/Users/gyeongseon/.m2/repository/org/apache/logging/log4j/log4j-to-slf4j/2.17.2/log4j-to-slf4j-2.17.2.jar:/Users/gyeongseon/.m2/repository/org/apache/logging/log4j/log4j-api/2.17.2/log4j-api-2.17.2.jar:/Users/gyeongseon/.m2/repository/org/slf4j/jul-to-slf4j/1.7.36/jul-to-slf4j-1.7.36.jar:/Users/gyeongseon/.m2/repository/jakarta/annotation/jakarta.annotation-api/1.3.5/jakarta.annotation-api-1.3.5.jar:/Users/gyeongseon/.m2/repository/org/yaml/snakeyaml/1.30/snakeyaml-1.30.jar:/Users/gyeongseon/.m2/repository/org/springframework/batch/spring-batch-core/4.3.6/spring-batch-core-4.3.6.jar:/Users/gyeongseon/.m2/repository/com/fasterxml/jackson/core/jackson-databind/2.13.3/jackson-databind-2.13.3.jar:/Users/gyeongseon/.m2/repository/com/fasterxml/jackson/core/jackson-annotations/2.13.3/jackson-annotations-2.13.3.jar:/Users/gyeongseon/.m2/repository/com/fasterxml/jackson/core/jackson-core/2.13.3/jackson-core-2.13.3.jar:/Users/gyeongseon/.m2/repository/io/micrometer/micrometer-core/1.9.0/micrometer-core-1.9.0.jar:/Users/gyeongseon/.m2/repository/org/hdrhistogram/HdrHistogram/2.1.12/HdrHistogram-2.1.12.jar:/Users/gyeongseon/.m2/repository/org/latencyutils/LatencyUtils/2.0.3/LatencyUtils-2.0.3.jar:/Users/gyeongseon/.m2/repository/javax/batch/javax.batch-api/1.0/javax.batch-api-1.0.jar:/Users/gyeongseon/.m2/repository/org/codehaus/jettison/jettison/1.2/jettison-1.2.jar:/Users/gyeongseon/.m2/repository/org/springframework/batch/spring-batch-infrastructure/4.3.6/spring-batch-infrastructure-4.3.6.jar:/Users/gyeongseon/.m2/repository/org/springframework/retry/spring-retry/1.3.3/spring-retry-1.3.3.jar:/Users/gyeongseon/.m2/repository/org/springframework/spring-aop/5.3.20/spring-aop-5.3.20.jar:/Users/gyeongseon/.m2/repository/org/springframework/spring-context/5.3.20/spring-context-5.3.20.jar:/Users/gyeongseon/.m2/repository/org/springframework/spring-expression/5.3.20/spring-expression-5.3.20.jar:/Users/gyeongseon/.m2/repository/org/springframework/spring-tx/5.3.20/spring-tx-5.3.20.jar:/Users/gyeongseon/.m2/repository/org/springframework/boot/spring-boot-starter-jdbc/2.7.0/spring-boot-starter-jdbc-2.7.0.jar:/Users/gyeongseon/.m2/repository/com/zaxxer/HikariCP/4.0.3/HikariCP-4.0.3.jar:/Users/gyeongseon/.m2/repository/org/springframework/spring-jdbc/5.3.20/spring-jdbc-5.3.20.jar:/Users/gyeongseon/.m2/repository/org/hsqldb/hsqldb/2.6.1/hsqldb-2.6.1.jar:/Users/gyeongseon/.m2/repository/org/springframework/boot/spring-boot-starter-test/2.7.0/spring-boot-starter-test-2.7.0.jar:/Users/gyeongseon/.m2/repository/org/springframework/boot/spring-boot-test/2.7.0/spring-boot-test-2.7.0.jar:/Users/gyeongseon/.m2/repository/org/springframework/boot/spring-boot-test-autoconfigure/2.7.0/spring-boot-test-autoconfigure-2.7.0.jar:/Users/gyeongseon/.m2/repository/com/jayway/jsonpath/json-path/2.7.0/json-path-2.7.0.jar:/Users/gyeongseon/.m2/repository/net/minidev/json-smart/2.4.8/json-smart-2.4.8.jar:/Users/gyeongseon/.m2/repository/net/minidev/accessors-smart/2.4.8/accessors-smart-2.4.8.jar:/Users/gyeongseon/.m2/repository/org/ow2/asm/asm/9.1/asm-9.1.jar:/Users/gyeongseon/.m2/repository/jakarta/xml/bind/jakarta.xml.bind-api/2.3.3/jakarta.xml.bind-api-2.3.3.jar:/Users/gyeongseon/.m2/repository/jakarta/activation/jakarta.activation-api/1.2.2/jakarta.activation-api-1.2.2.jar:/Users/gyeongseon/.m2/repository/org/assertj/assertj-core/3.22.0/assertj-core-3.22.0.jar:/Users/gyeongseon/.m2/repository/org/hamcrest/hamcrest/2.2/hamcrest-2.2.jar:/Users/gyeongseon/.m2/repository/org/junit/jupiter/junit-jupiter/5.8.2/junit-jupiter-5.8.2.jar:/Users/gyeongseon/.m2/repository/org/junit/jupiter/junit-jupiter-api/5.8.2/junit-jupiter-api-5.8.2.jar:/Users/gyeongseon/.m2/repository/org/opentest4j/opentest4j/1.2.0/opentest4j-1.2.0.jar:/Users/gyeongseon/.m2/repository/org/junit/platform/junit-platform-commons/1.8.2/junit-platform-commons-1.8.2.jar:/Users/gyeongseon/.m2/repository/org/apiguardian/apiguardian-api/1.1.2/apiguardian-api-1.1.2.jar:/Users/gyeongseon/.m2/repository/org/junit/jupiter/junit-jupiter-params/5.8.2/junit-jupiter-params-5.8.2.jar:/Users/gyeongseon/.m2/repository/org/junit/jupiter/junit-jupiter-engine/5.8.2/junit-jupiter-engine-5.8.2.jar:/Users/gyeongseon/.m2/repository/org/junit/platform/junit-platform-engine/1.8.2/junit-platform-engine-1.8.2.jar:/Users/gyeongseon/.m2/repository/org/mockito/mockito-core/4.5.1/mockito-core-4.5.1.jar:/Users/gyeongseon/.m2/repository/net/bytebuddy/byte-buddy/1.12.10/byte-buddy-1.12.10.jar:/Users/gyeongseon/.m2/repository/net/bytebuddy/byte-buddy-agent/1.12.10/byte-buddy-agent-1.12.10.jar:/Users/gyeongseon/.m2/repository/org/objenesis/objenesis/3.2/objenesis-3.2.jar:/Users/gyeongseon/.m2/repository/org/mockito/mockito-junit-jupiter/4.5.1/mockito-junit-jupiter-4.5.1.jar:/Users/gyeongseon/.m2/repository/org/skyscreamer/jsonassert/1.5.0/jsonassert-1.5.0.jar:/Users/gyeongseon/.m2/repository/com/vaadin/external/google/android-json/0.0.20131108.vaadin1/android-json-0.0.20131108.vaadin1.jar:/Users/gyeongseon/.m2/repository/org/springframework/spring-core/5.3.20/spring-core-5.3.20.jar:/Users/gyeongseon/.m2/repository/org/springframework/spring-jcl/5.3.20/spring-jcl-5.3.20.jar:/Users/gyeongseon/.m2/repository/org/springframework/spring-test/5.3.20/spring-test-5.3.20.jar:/Users/gyeongseon/.m2/repository/org/xmlunit/xmlunit-core/2.9.0/xmlunit-core-2.9.0.jar:/Users/gyeongseon/.m2/repository/org/springframework/batch/spring-batch-test/4.3.6/spring-batch-test-4.3.6.jar:/Users/gyeongseon/.m2/repository/junit/junit/4.13.2/junit-4.13.2.jar:/Users/gyeongseon/.m2/repository/org/hamcrest/hamcrest-core/2.2/hamcrest-core-2.2.jar:/Users/gyeongseon/.m2/repository/org/projectlombok/lombok/1.18.24/lombok-1.18.24.jar:/Users/gyeongseon/.m2/repository/mysql/mysql-connector-java/8.0.29/mysql-connector-java-8.0.29.jar:/Users/gyeongseon/.m2/repository/org/mybatis/mybatis/3.5.10/mybatis-3.5.10.jar:/Users/gyeongseon/.m2/repository/org/mybatis/mybatis-spring/2.0.7/mybatis-spring-2.0.7.jar:/Users/gyeongseon/.m2/repository/org/springframework/spring-oxm/5.3.20/spring-oxm-5.3.20.jar:/Users/gyeongseon/.m2/repository/org/springframework/spring-beans/5.3.20/spring-beans-5.3.20.jar:/Users/gyeongseon/.m2/repository/org/springframework/boot/spring-boot-configuration-processor/2.7.0/spring-boot-configuration-processor-2.7.0.jar:/Users/gyeongseon/.m2/repository/org/bgee/log4jdbc-log4j2/log4jdbc-log4j2-jdbc4/1.16/log4jdbc-log4j2-jdbc4-1.16.jar:/Users/gyeongseon/.m2/repository/ch/qos/logback/logback-classic/1.2.11/logback-classic-1.2.11.jar:/Users/gyeongseon/.m2/repository/ch/qos/logback/logback-core/1.2.11/logback-core-1.2.11.jar:/Users/gyeongseon/.m2/repository/org/slf4j/slf4j-api/1.7.36/slf4j-api-1.7.36.jar:/Users/gyeongseon/.m2/repository/javax/xml/bind/jaxb-api/2.3.1/jaxb-api-2.3.1.jar:/Users/gyeongseon/.m2/repository/javax/activation/javax.activation-api/1.2.0/javax.activation-api-1.2.0.jar:/Users/gyeongseon/.m2/repository/org/glassfish/jaxb/jaxb-runtime/2.3.6/jaxb-runtime-2.3.6.jar:/Users/gyeongseon/.m2/repository/org/glassfish/jaxb/txw2/2.3.6/txw2-2.3.6.jar:/Users/gyeongseon/.m2/repository/com/sun/istack/istack-commons-runtime/3.0.12/istack-commons-runtime-3.0.12.jar:/Users/gyeongseon/.m2/repository/com/sun/activation/jakarta.activation/1.2.2/jakarta.activation-1.2.2.jar:/Users/gyeongseon/.m2/repository/cn/lzgabel/jaxb/xml/bind/jaxb-impl/4.0.0/jaxb-impl-4.0.0.jar:/Users/gyeongseon/.m2/repository/cn/lzgabel/jaxb/xml/bind/jaxb-core/4.0.0/jaxb-core-4.0.0.jar:/Users/gyeongseon/.m2/repository/com/thoughtworks/xstream/xstream/1.4.19/xstream-1.4.19.jar:/Users/gyeongseon/.m2/repository/io/github/x-stream/mxparser/1.2.2/mxparser-1.2.2.jar:/Users/gyeongseon/.m2/repository/xmlpull/xmlpull/1.1.3.1/xmlpull-1.1.3.1.jar:"/>
    <property name="sun.cpu.endian" value="little"/>
    <property name="user.home" value="/Users/gyeongseon"/>
    <property name="user.language" value="ko"/>
    <property name="java.specification.vendor" value="Oracle Corporation"/>
    <property name="java.version.date" value="2019-04-16"/>
    <property name="java.home" value="/Library/Java/JavaVirtualMachines/jdk-12.0.1.jdk/Contents/Home"/>
    <property name="file.separator" value="/"/>
    <property name="basedir" value="/Users/gyeongseon/Git/apress-batch"/>
    <property name="java.vm.compressedOopsMode" value="Zero based"/>
    <property name="line.separator" value="&#10;"/>
    <property name="java.vm.specification.vendor" value="Oracle Corporation"/>
    <property name="java.specification.name" value="Java Platform API Specification"/>
    <property name="java.awt.graphicsenv" value="sun.awt.CGraphicsEnvironment"/>
    <property name="surefire.real.class.path" value="/Users/gyeongseon/Git/apress-batch/target/surefire/surefirebooter2340453982533896351.jar"/>
    <property name="sun.management.compiler" value="HotSpot 64-Bit Tiered Compilers"/>
    <property name="ftp.nonProxyHosts" value="local|*.local|169.254/16|*.169.254/16|127.0.0.1:21300|*.127.0.0.1:21300|localhost|*.localhost"/>
    <property name="java.runtime.version" value="12.0.1+12"/>
    <property name="user.name" value="gyeongseon"/>
    <property name="path.separator" value=":"/>
    <property name="os.version" value="10.16"/>
    <property name="java.runtime.name" value="Java(TM) SE Runtime Environment"/>
    <property name="file.encoding" value="UTF-8"/>
    <property name="java.vm.name" value="Java HotSpot(TM) 64-Bit Server VM"/>
    <property name="localRepository" value="/Users/gyeongseon/.m2/repository"/>
    <property name="java.vendor.url.bug" value="https://bugreport.java.com/bugreport/"/>
    <property name="java.io.tmpdir" value="/var/folders/b_/hxtxky310mqbph8jyz490hxw0000gn/T/"/>
    <property name="idea.version" value="2022.1"/>
    <property name="java.version" value="12.0.1"/>
    <property name="user.dir" value="/Users/gyeongseon/Git/apress-batch"/>
    <property name="os.arch" value="x86_64"/>
    <property name="java.vm.specification.name" value="Java Virtual Machine Specification"/>
    <property name="java.library.path" value="/Users/gyeongseon/Library/Java/Extensions:/Library/Java/Extensions:/Network/Library/Java/Extensions:/System/Library/Java/Extensions:/usr/lib/java:."/>
    <property name="java.vm.info" value="mixed mode, sharing"/>
    <property name="java.vendor" value="Oracle Corporation"/>
    <property name="java.vm.version" value="12.0.1+12"/>
    <property name="sun.io.unicode.encoding" value="UnicodeBig"/>
    <property name="socksNonProxyHosts" value="local|*.local|169.254/16|*.169.254/16|127.0.0.1:21300|*.127.0.0.1:21300|localhost|*.localhost"/>
    <property name="java.class.version" value="56.0"/>
  </properties>
  <testcase name="contextLoads" classname="com.gngsn.apressbatch.ApressBatchApplicationTests" time="0.458"/>
</testsuite>